INFO:     Will watch for changes in these directories: ['/Users/arif/Projects/Personal/fraud-detection-ml/backend']
INFO:     Uvicorn running on http://0.0.0.0:8000 (Press CTRL+C to quit)
INFO:     Started reloader process [39924] using WatchFiles
🔌 Connecting to database: postgresql://frauduser:***@127.0.0.1:5433/fraud_detection
2026-02-04 19:42:21,204 INFO sqlalchemy.engine.Engine select pg_catalog.version()
2026-02-04 19:42:21,204 INFO sqlalchemy.engine.Engine [raw sql] {}
2026-02-04 19:42:21,205 INFO sqlalchemy.engine.Engine select current_schema()
2026-02-04 19:42:21,205 INFO sqlalchemy.engine.Engine [raw sql] {}
2026-02-04 19:42:21,205 INFO sqlalchemy.engine.Engine show standard_conforming_strings
2026-02-04 19:42:21,205 INFO sqlalchemy.engine.Engine [raw sql] {}
2026-02-04 19:42:21,206 INFO sqlalchemy.engine.Engine BEGIN (implicit)
2026-02-04 19:42:21,206 INFO sqlalchemy.engine.Engine COMMIT
INFO:     Started server process [39926]
INFO:     Waiting for application startup.
============================================================
Starting Fraud Detection API v0.1.0
Environment: development
Debug mode: True
API running on: http://0.0.0.0:8000
Docs available at: http://0.0.0.0:8000/docs
============================================================
2026-02-04 19:42:21,207 INFO sqlalchemy.engine.Engine BEGIN (implicit)
2026-02-04 19:42:21,207 INFO sqlalchemy.engine.Engine SELECT version();
2026-02-04 19:42:21,207 INFO sqlalchemy.engine.Engine [generated in 0.00006s] {}
2026-02-04 19:42:21,207 INFO sqlalchemy.engine.Engine SELECT COUNT(*) FROM connection_test;
2026-02-04 19:42:21,207 INFO sqlalchemy.engine.Engine [generated in 0.00003s] {}
✅ Database connected successfully!
📊 PostgreSQL version: PostgreSQL 16.11 on aarch64-unknown-linux-musl, co...
🧪 Test records found: 1
2026-02-04 19:42:21,208 INFO sqlalchemy.engine.Engine ROLLBACK
INFO:     Application startup complete.
2026-02-04 19:42:22,452 INFO sqlalchemy.engine.Engine BEGIN (implicit)
2026-02-04 19:42:22,452 INFO sqlalchemy.engine.Engine SELECT 1 as health_check
2026-02-04 19:42:22,452 INFO sqlalchemy.engine.Engine [generated in 0.00004s] {}
2026-02-04 19:42:22,452 INFO sqlalchemy.engine.Engine SELECT COUNT(*) FROM connection_test
2026-02-04 19:42:22,453 INFO sqlalchemy.engine.Engine [generated in 0.00004s] {}
2026-02-04 19:42:22,453 INFO sqlalchemy.engine.Engine 
            SELECT schema_name 
            FROM information_schema.schemata 
            WHERE schema_name IN ('raw_data', 'features', 'models', 'monitoring')
            ORDER BY schema_name
        
2026-02-04 19:42:22,453 INFO sqlalchemy.engine.Engine [generated in 0.00003s] {}
INFO:     127.0.0.1:54260 - "GET /health HTTP/1.1" 200 OK
2026-02-04 19:42:22,457 INFO sqlalchemy.engine.Engine ROLLBACK
INFO:     127.0.0.1:54273 - "GET / HTTP/1.1" 200 OK
INFO:     127.0.0.1:54273 - "GET /favicon.ico HTTP/1.1" 404 Not Found
INFO:     127.0.0.1:54273 - "GET /docs HTTP/1.1" 200 OK
INFO:     127.0.0.1:54273 - "GET /openapi.json HTTP/1.1" 200 OK
2026-02-04 19:42:38,866 INFO sqlalchemy.engine.Engine BEGIN (implicit)
2026-02-04 19:42:38,866 INFO sqlalchemy.engine.Engine SELECT 1 as health_check
2026-02-04 19:42:38,867 INFO sqlalchemy.engine.Engine [cached since 16.41s ago] {}
2026-02-04 19:42:38,868 INFO sqlalchemy.engine.Engine SELECT COUNT(*) FROM connection_test
2026-02-04 19:42:38,868 INFO sqlalchemy.engine.Engine [cached since 16.42s ago] {}
2026-02-04 19:42:38,869 INFO sqlalchemy.engine.Engine 
            SELECT schema_name 
            FROM information_schema.schemata 
            WHERE schema_name IN ('raw_data', 'features', 'models', 'monitoring')
            ORDER BY schema_name
        
2026-02-04 19:42:38,869 INFO sqlalchemy.engine.Engine [cached since 16.42s ago] {}
INFO:     127.0.0.1:54273 - "GET /health HTTP/1.1" 200 OK
2026-02-04 19:42:38,871 INFO sqlalchemy.engine.Engine ROLLBACK
2026-02-04 19:43:43,355 INFO sqlalchemy.engine.Engine BEGIN (implicit)
2026-02-04 19:43:43,355 INFO sqlalchemy.engine.Engine SELECT 1 as health_check
2026-02-04 19:43:43,355 INFO sqlalchemy.engine.Engine [cached since 80.9s ago] {}
2026-02-04 19:43:43,357 INFO sqlalchemy.engine.Engine SELECT COUNT(*) FROM connection_test
2026-02-04 19:43:43,357 INFO sqlalchemy.engine.Engine [cached since 80.9s ago] {}
2026-02-04 19:43:43,357 INFO sqlalchemy.engine.Engine 
            SELECT schema_name 
            FROM information_schema.schemata 
            WHERE schema_name IN ('raw_data', 'features', 'models', 'monitoring')
            ORDER BY schema_name
        
2026-02-04 19:43:43,357 INFO sqlalchemy.engine.Engine [cached since 80.9s ago] {}
INFO:     127.0.0.1:54323 - "GET /health HTTP/1.1" 200 OK
2026-02-04 19:43:43,359 INFO sqlalchemy.engine.Engine ROLLBACK
INFO:     Shutting down
INFO:     Waiting for application shutdown.
INFO:     Application shutdown complete.
INFO:     Finished server process [39926]
INFO:     Stopping reloader process [39924]
