Backend store URI not provided. Using sqlite:///mlflow.db
Registry store URI not provided. Using backend store URI.
2026/01/31 21:26:26 INFO alembic.runtime.plugins: setup plugin alembic.autogenerate.schemas
2026/01/31 21:26:26 INFO alembic.runtime.plugins: setup plugin alembic.autogenerate.tables
2026/01/31 21:26:26 INFO alembic.runtime.plugins: setup plugin alembic.autogenerate.types
2026/01/31 21:26:26 INFO alembic.runtime.plugins: setup plugin alembic.autogenerate.constraints
2026/01/31 21:26:26 INFO alembic.runtime.plugins: setup plugin alembic.autogenerate.defaults
2026/01/31 21:26:26 INFO alembic.runtime.plugins: setup plugin alembic.autogenerate.comments
2026/01/31 21:26:26 INFO alembic.runtime.migration: Context impl SQLiteImpl.
2026/01/31 21:26:26 INFO alembic.runtime.migration: Will assume non-transactional DDL.
[MLflow] Security middleware enabled with default settings (localhost-only). To allow connections from other hosts, use --host 0.0.0.0 and configure --allowed-hosts and --cors-allowed-origins.
INFO:     Uvicorn running on http://127.0.0.1:5001 (Press CTRL+C to quit)
INFO:     Started parent process [84598]
2026/01/31 21:26:28 INFO mlflow.server.jobs.utils: Starting huey consumer for job function invoke_scorer
2026/01/31 21:26:28 INFO mlflow.server.jobs.utils: Starting huey consumer for job function run_online_session_scorer
2026/01/31 21:26:28 INFO mlflow.server.jobs.utils: Starting huey consumer for job function run_online_trace_scorer
2026/01/31 21:26:28 INFO mlflow.server.jobs.utils: Starting dedicated Huey consumer for periodic tasks
2026/01/31 21:26:28 INFO alembic.runtime.plugins: setup plugin alembic.autogenerate.schemas
2026/01/31 21:26:28 INFO alembic.runtime.plugins: setup plugin alembic.autogenerate.tables
2026/01/31 21:26:28 INFO alembic.runtime.plugins: setup plugin alembic.autogenerate.types
2026/01/31 21:26:28 INFO alembic.runtime.plugins: setup plugin alembic.autogenerate.constraints
2026/01/31 21:26:28 INFO alembic.runtime.plugins: setup plugin alembic.autogenerate.defaults
2026/01/31 21:26:28 INFO alembic.runtime.plugins: setup plugin alembic.autogenerate.comments
2026/01/31 21:26:28 INFO alembic.runtime.plugins: setup plugin alembic.autogenerate.schemas
2026/01/31 21:26:28 INFO alembic.runtime.plugins: setup plugin alembic.autogenerate.tables
2026/01/31 21:26:28 INFO alembic.runtime.plugins: setup plugin alembic.autogenerate.types
2026/01/31 21:26:28 INFO alembic.runtime.plugins: setup plugin alembic.autogenerate.constraints
2026/01/31 21:26:28 INFO alembic.runtime.plugins: setup plugin alembic.autogenerate.defaults
2026/01/31 21:26:28 INFO alembic.runtime.plugins: setup plugin alembic.autogenerate.comments
2026/01/31 21:26:28 INFO alembic.runtime.plugins: setup plugin alembic.autogenerate.schemas
2026/01/31 21:26:28 INFO alembic.runtime.plugins: setup plugin alembic.autogenerate.tables
2026/01/31 21:26:28 INFO alembic.runtime.plugins: setup plugin alembic.autogenerate.types
2026/01/31 21:26:28 INFO alembic.runtime.plugins: setup plugin alembic.autogenerate.constraints
2026/01/31 21:26:28 INFO alembic.runtime.plugins: setup plugin alembic.autogenerate.defaults
2026/01/31 21:26:28 INFO alembic.runtime.plugins: setup plugin alembic.autogenerate.comments
2026/01/31 21:26:28 INFO alembic.runtime.plugins: setup plugin alembic.autogenerate.schemas
2026/01/31 21:26:28 INFO alembic.runtime.plugins: setup plugin alembic.autogenerate.tables
2026/01/31 21:26:28 INFO alembic.runtime.plugins: setup plugin alembic.autogenerate.types
2026/01/31 21:26:28 INFO alembic.runtime.plugins: setup plugin alembic.autogenerate.constraints
2026/01/31 21:26:28 INFO alembic.runtime.plugins: setup plugin alembic.autogenerate.defaults
2026/01/31 21:26:28 INFO alembic.runtime.plugins: setup plugin alembic.autogenerate.comments
INFO:     Started server process [84602]
INFO:     Waiting for application startup.
INFO:     Application startup complete.
INFO:     Started server process [84603]
INFO:     Waiting for application startup.
INFO:     Application startup complete.
INFO:     Started server process [84601]
INFO:     Waiting for application startup.
INFO:     Application startup complete.
INFO:     Started server process [84604]
INFO:     Waiting for application startup.
INFO:     Application startup complete.
2026/01/31 21:26:29 INFO mlflow.server.jobs.utils: Registered online_scoring_scheduler periodic task (runs every 1 minute)
[2026-01-31 21:26:29,362] INFO:huey.consumer:MainThread:Huey consumer started with 5 thread, PID 84625 at 2026-01-31 15:26:29.362715
[2026-01-31 21:26:29,362] INFO:huey.consumer:MainThread:Scheduler runs every 1 second(s).
[2026-01-31 21:26:29,362] INFO:huey.consumer:MainThread:Periodic tasks are enabled.
[2026-01-31 21:26:29,362] INFO:huey.consumer:MainThread:The following commands are available:
+ mlflow.server.jobs.utils._exec_job
+ mlflow.server.jobs.utils.online_scoring_scheduler
[2026-01-31 21:26:29,365] INFO:huey.consumer.Scheduler:Scheduler:Enqueueing periodic task mlflow.server.jobs.utils.online_scoring_scheduler: d554e4eb-1911-4d80-8c1a-6d05b05a8717.
[2026-01-31 21:26:29,368] INFO:huey:Worker-3:Executing mlflow.server.jobs.utils.online_scoring_scheduler: d554e4eb-1911-4d80-8c1a-6d05b05a8717
[2026-01-31 21:26:29,381] INFO:huey.consumer:MainThread:Huey consumer started with 5 thread, PID 84623 at 2026-01-31 15:26:29.380978
[2026-01-31 21:26:29,381] INFO:huey.consumer:MainThread:Scheduler runs every 1 second(s).
[2026-01-31 21:26:29,381] INFO:huey.consumer:MainThread:Periodic tasks are enabled.
[2026-01-31 21:26:29,381] INFO:huey.consumer:MainThread:The following commands are available:
+ mlflow.server.jobs.utils._exec_job
[2026-01-31 21:26:29,389] INFO:huey.consumer:MainThread:Huey consumer started with 10 thread, PID 84622 at 2026-01-31 15:26:29.389741
[2026-01-31 21:26:29,389] INFO:huey.consumer:MainThread:Scheduler runs every 1 second(s).
[2026-01-31 21:26:29,389] INFO:huey.consumer:MainThread:Periodic tasks are enabled.
[2026-01-31 21:26:29,389] INFO:huey.consumer:MainThread:The following commands are available:
+ mlflow.server.jobs.utils._exec_job
[2026-01-31 21:26:29,394] INFO:huey.consumer:MainThread:Huey consumer started with 5 thread, PID 84624 at 2026-01-31 15:26:29.394619
[2026-01-31 21:26:29,394] INFO:huey.consumer:MainThread:Scheduler runs every 1 second(s).
[2026-01-31 21:26:29,394] INFO:huey.consumer:MainThread:Periodic tasks are enabled.
[2026-01-31 21:26:29,394] INFO:huey.consumer:MainThread:The following commands are available:
+ mlflow.server.jobs.utils._exec_job
2026/01/31 21:26:29 INFO alembic.runtime.plugins: setup plugin alembic.autogenerate.schemas
2026/01/31 21:26:29 INFO alembic.runtime.plugins: setup plugin alembic.autogenerate.tables
2026/01/31 21:26:29 INFO alembic.runtime.plugins: setup plugin alembic.autogenerate.types
2026/01/31 21:26:29 INFO alembic.runtime.plugins: setup plugin alembic.autogenerate.constraints
2026/01/31 21:26:29 INFO alembic.runtime.plugins: setup plugin alembic.autogenerate.defaults
2026/01/31 21:26:29 INFO alembic.runtime.plugins: setup plugin alembic.autogenerate.comments
[2026-01-31 21:26:29,596] INFO:huey:Worker-3:mlflow.server.jobs.utils.online_scoring_scheduler: d554e4eb-1911-4d80-8c1a-6d05b05a8717 executed in 0.228s
2026/01/31 21:26:38 INFO alembic.runtime.plugins: setup plugin alembic.autogenerate.schemas
2026/01/31 21:26:38 INFO alembic.runtime.plugins: setup plugin alembic.autogenerate.tables
2026/01/31 21:26:38 INFO alembic.runtime.plugins: setup plugin alembic.autogenerate.types
2026/01/31 21:26:38 INFO alembic.runtime.plugins: setup plugin alembic.autogenerate.constraints
2026/01/31 21:26:38 INFO alembic.runtime.plugins: setup plugin alembic.autogenerate.defaults
2026/01/31 21:26:38 INFO alembic.runtime.plugins: setup plugin alembic.autogenerate.comments
[2026-01-31 21:27:29,367] INFO:huey.consumer.Scheduler:Scheduler:Enqueueing periodic task mlflow.server.jobs.utils.online_scoring_scheduler: 7e80dd1b-ef22-49a7-a720-e9e033c95582.
[2026-01-31 21:27:35,941] INFO:huey:Worker-1:Executing mlflow.server.jobs.utils.online_scoring_scheduler: 7e80dd1b-ef22-49a7-a720-e9e033c95582
[2026-01-31 21:27:35,946] INFO:huey:Worker-1:mlflow.server.jobs.utils.online_scoring_scheduler: 7e80dd1b-ef22-49a7-a720-e9e033c95582 executed in 0.004s
INFO:     127.0.0.1:51036 - "GET / HTTP/1.1" 200 OK
INFO:     127.0.0.1:51043 - "GET / HTTP/1.1" 200 OK
[2026-01-31 21:28:29,367] INFO:huey.consumer.Scheduler:Scheduler:Enqueueing periodic task mlflow.server.jobs.utils.online_scoring_scheduler: ebf7d6ae-90b5-4b51-ae22-aec5eaa50e04.
[2026-01-31 21:28:33,778] INFO:huey:Worker-1:Executing mlflow.server.jobs.utils.online_scoring_scheduler: ebf7d6ae-90b5-4b51-ae22-aec5eaa50e04
[2026-01-31 21:28:33,782] INFO:huey:Worker-1:mlflow.server.jobs.utils.online_scoring_scheduler: ebf7d6ae-90b5-4b51-ae22-aec5eaa50e04 executed in 0.004s
[2026-01-31 21:29:29,365] INFO:huey.consumer.Scheduler:Scheduler:Enqueueing periodic task mlflow.server.jobs.utils.online_scoring_scheduler: 914126e7-0cd5-43c5-b6ed-17a519ea52db.
[2026-01-31 21:29:31,604] INFO:huey:Worker-1:Executing mlflow.server.jobs.utils.online_scoring_scheduler: 914126e7-0cd5-43c5-b6ed-17a519ea52db
[2026-01-31 21:29:31,609] INFO:huey:Worker-1:mlflow.server.jobs.utils.online_scoring_scheduler: 914126e7-0cd5-43c5-b6ed-17a519ea52db executed in 0.005s
[2026-01-31 21:30:29,365] INFO:huey.consumer.Scheduler:Scheduler:Enqueueing periodic task mlflow.server.jobs.utils.online_scoring_scheduler: 8d9b2f96-725d-449b-8559-37cd337b37af.
[2026-01-31 21:30:29,425] INFO:huey:Worker-1:Executing mlflow.server.jobs.utils.online_scoring_scheduler: 8d9b2f96-725d-449b-8559-37cd337b37af
[2026-01-31 21:30:29,431] INFO:huey:Worker-1:mlflow.server.jobs.utils.online_scoring_scheduler: 8d9b2f96-725d-449b-8559-37cd337b37af executed in 0.006s
[2026-01-31 21:31:29,368] INFO:huey.consumer.Scheduler:Scheduler:Enqueueing periodic task mlflow.server.jobs.utils.online_scoring_scheduler: 933380f2-8a5e-411e-bea3-c6abeb3088ad.
[2026-01-31 21:31:36,013] INFO:huey:Worker-1:Executing mlflow.server.jobs.utils.online_scoring_scheduler: 933380f2-8a5e-411e-bea3-c6abeb3088ad
[2026-01-31 21:31:36,018] INFO:huey:Worker-1:mlflow.server.jobs.utils.online_scoring_scheduler: 933380f2-8a5e-411e-bea3-c6abeb3088ad executed in 0.005s
[2026-01-31 21:32:29,369] INFO:huey.consumer.Scheduler:Scheduler:Enqueueing periodic task mlflow.server.jobs.utils.online_scoring_scheduler: 2b4ab07f-a71d-4533-b8e8-c5a3e41c8b6e.
[2026-01-31 21:32:33,845] INFO:huey:Worker-1:Executing mlflow.server.jobs.utils.online_scoring_scheduler: 2b4ab07f-a71d-4533-b8e8-c5a3e41c8b6e
[2026-01-31 21:32:33,856] INFO:huey:Worker-1:mlflow.server.jobs.utils.online_scoring_scheduler: 2b4ab07f-a71d-4533-b8e8-c5a3e41c8b6e executed in 0.008s
[2026-01-31 21:33:29,369] INFO:huey.consumer.Scheduler:Scheduler:Enqueueing periodic task mlflow.server.jobs.utils.online_scoring_scheduler: 0ed08401-0001-4d76-b9f4-888574e08a01.
[2026-01-31 21:33:31,693] INFO:huey:Worker-1:Executing mlflow.server.jobs.utils.online_scoring_scheduler: 0ed08401-0001-4d76-b9f4-888574e08a01
[2026-01-31 21:33:31,697] INFO:huey:Worker-1:mlflow.server.jobs.utils.online_scoring_scheduler: 0ed08401-0001-4d76-b9f4-888574e08a01 executed in 0.003s
[2026-01-31 21:34:29,366] INFO:huey.consumer.Scheduler:Scheduler:Enqueueing periodic task mlflow.server.jobs.utils.online_scoring_scheduler: d23f063d-79f4-499c-abf8-16af1f31469f.
[2026-01-31 21:34:29,519] INFO:huey:Worker-1:Executing mlflow.server.jobs.utils.online_scoring_scheduler: d23f063d-79f4-499c-abf8-16af1f31469f
[2026-01-31 21:34:29,528] INFO:huey:Worker-1:mlflow.server.jobs.utils.online_scoring_scheduler: d23f063d-79f4-499c-abf8-16af1f31469f executed in 0.009s
[2026-01-31 21:35:29,366] INFO:huey.consumer.Scheduler:Scheduler:Enqueueing periodic task mlflow.server.jobs.utils.online_scoring_scheduler: 2e5cbf83-bdff-4511-ae60-e44035540657.
[2026-01-31 21:35:36,113] INFO:huey:Worker-1:Executing mlflow.server.jobs.utils.online_scoring_scheduler: 2e5cbf83-bdff-4511-ae60-e44035540657
[2026-01-31 21:35:36,117] INFO:huey:Worker-1:mlflow.server.jobs.utils.online_scoring_scheduler: 2e5cbf83-bdff-4511-ae60-e44035540657 executed in 0.004s
[2026-01-31 21:36:29,367] INFO:huey.consumer.Scheduler:Scheduler:Enqueueing periodic task mlflow.server.jobs.utils.online_scoring_scheduler: 2c392185-16e8-403a-b3e5-cdb3504d3e5b.
[2026-01-31 21:36:33,926] INFO:huey:Worker-1:Executing mlflow.server.jobs.utils.online_scoring_scheduler: 2c392185-16e8-403a-b3e5-cdb3504d3e5b
[2026-01-31 21:36:33,931] INFO:huey:Worker-1:mlflow.server.jobs.utils.online_scoring_scheduler: 2c392185-16e8-403a-b3e5-cdb3504d3e5b executed in 0.005s
[2026-01-31 21:37:29,371] INFO:huey.consumer.Scheduler:Scheduler:Enqueueing periodic task mlflow.server.jobs.utils.online_scoring_scheduler: c6665caa-f31d-4a36-bdbe-dc0f5da3fe4b.
[2026-01-31 21:37:31,755] INFO:huey:Worker-1:Executing mlflow.server.jobs.utils.online_scoring_scheduler: c6665caa-f31d-4a36-bdbe-dc0f5da3fe4b
[2026-01-31 21:37:31,759] INFO:huey:Worker-1:mlflow.server.jobs.utils.online_scoring_scheduler: c6665caa-f31d-4a36-bdbe-dc0f5da3fe4b executed in 0.004s
[2026-01-31 21:38:29,368] INFO:huey.consumer.Scheduler:Scheduler:Enqueueing periodic task mlflow.server.jobs.utils.online_scoring_scheduler: 0ff7a110-55c3-409c-bd83-9d51d2eef474.
[2026-01-31 21:38:29,588] INFO:huey:Worker-1:Executing mlflow.server.jobs.utils.online_scoring_scheduler: 0ff7a110-55c3-409c-bd83-9d51d2eef474
[2026-01-31 21:38:29,592] INFO:huey:Worker-1:mlflow.server.jobs.utils.online_scoring_scheduler: 0ff7a110-55c3-409c-bd83-9d51d2eef474 executed in 0.004s
[2026-01-31 21:39:29,372] INFO:huey.consumer.Scheduler:Scheduler:Enqueueing periodic task mlflow.server.jobs.utils.online_scoring_scheduler: 29d87632-a108-4cef-b4db-33d3dcad8e41.
[2026-01-31 21:39:36,184] INFO:huey:Worker-1:Executing mlflow.server.jobs.utils.online_scoring_scheduler: 29d87632-a108-4cef-b4db-33d3dcad8e41
[2026-01-31 21:39:36,188] INFO:huey:Worker-1:mlflow.server.jobs.utils.online_scoring_scheduler: 29d87632-a108-4cef-b4db-33d3dcad8e41 executed in 0.004s
[2026-01-31 21:40:29,369] INFO:huey.consumer.Scheduler:Scheduler:Enqueueing periodic task mlflow.server.jobs.utils.online_scoring_scheduler: 170fef03-f83b-4479-b708-feb2644cac60.
[2026-01-31 21:40:34,046] INFO:huey:Worker-1:Executing mlflow.server.jobs.utils.online_scoring_scheduler: 170fef03-f83b-4479-b708-feb2644cac60
[2026-01-31 21:40:34,051] INFO:huey:Worker-1:mlflow.server.jobs.utils.online_scoring_scheduler: 170fef03-f83b-4479-b708-feb2644cac60 executed in 0.004s
[2026-01-31 21:41:29,369] INFO:huey.consumer.Scheduler:Scheduler:Enqueueing periodic task mlflow.server.jobs.utils.online_scoring_scheduler: 882591c3-19b9-4ea5-b161-6d9ba8a6e1dc.
[2026-01-31 21:41:31,863] INFO:huey:Worker-1:Executing mlflow.server.jobs.utils.online_scoring_scheduler: 882591c3-19b9-4ea5-b161-6d9ba8a6e1dc
[2026-01-31 21:41:31,869] INFO:huey:Worker-1:mlflow.server.jobs.utils.online_scoring_scheduler: 882591c3-19b9-4ea5-b161-6d9ba8a6e1dc executed in 0.005s
[2026-01-31 21:42:29,371] INFO:huey.consumer.Scheduler:Scheduler:Enqueueing periodic task mlflow.server.jobs.utils.online_scoring_scheduler: 87a7fd60-90c1-4051-8c24-324e36ef7651.
[2026-01-31 21:42:29,690] INFO:huey:Worker-1:Executing mlflow.server.jobs.utils.online_scoring_scheduler: 87a7fd60-90c1-4051-8c24-324e36ef7651
[2026-01-31 21:42:29,694] INFO:huey:Worker-1:mlflow.server.jobs.utils.online_scoring_scheduler: 87a7fd60-90c1-4051-8c24-324e36ef7651 executed in 0.004s
[2026-01-31 21:43:29,370] INFO:huey.consumer.Scheduler:Scheduler:Enqueueing periodic task mlflow.server.jobs.utils.online_scoring_scheduler: 93b1e6b5-ca6c-43c6-9930-39bec2a842b2.
[2026-01-31 21:43:36,269] INFO:huey:Worker-1:Executing mlflow.server.jobs.utils.online_scoring_scheduler: 93b1e6b5-ca6c-43c6-9930-39bec2a842b2
[2026-01-31 21:43:36,273] INFO:huey:Worker-1:mlflow.server.jobs.utils.online_scoring_scheduler: 93b1e6b5-ca6c-43c6-9930-39bec2a842b2 executed in 0.004s
[2026-01-31 21:44:29,370] INFO:huey.consumer.Scheduler:Scheduler:Enqueueing periodic task mlflow.server.jobs.utils.online_scoring_scheduler: e6ec2dbf-5a5b-4300-a5a0-3b853e516286.
[2026-01-31 21:44:34,104] INFO:huey:Worker-1:Executing mlflow.server.jobs.utils.online_scoring_scheduler: e6ec2dbf-5a5b-4300-a5a0-3b853e516286
[2026-01-31 21:44:34,107] INFO:huey:Worker-1:mlflow.server.jobs.utils.online_scoring_scheduler: e6ec2dbf-5a5b-4300-a5a0-3b853e516286 executed in 0.004s
[2026-01-31 21:45:29,369] INFO:huey.consumer.Scheduler:Scheduler:Enqueueing periodic task mlflow.server.jobs.utils.online_scoring_scheduler: 695da3d4-5ab5-4629-bc36-8a7957a85c0e.
[2026-01-31 21:45:31,929] INFO:huey:Worker-1:Executing mlflow.server.jobs.utils.online_scoring_scheduler: 695da3d4-5ab5-4629-bc36-8a7957a85c0e
[2026-01-31 21:45:31,934] INFO:huey:Worker-1:mlflow.server.jobs.utils.online_scoring_scheduler: 695da3d4-5ab5-4629-bc36-8a7957a85c0e executed in 0.005s
[2026-01-31 21:46:29,373] INFO:huey.consumer.Scheduler:Scheduler:Enqueueing periodic task mlflow.server.jobs.utils.online_scoring_scheduler: 438d7e18-ac92-4430-81a8-94530d1616f5.
[2026-01-31 21:46:29,759] INFO:huey:Worker-1:Executing mlflow.server.jobs.utils.online_scoring_scheduler: 438d7e18-ac92-4430-81a8-94530d1616f5
[2026-01-31 21:46:29,764] INFO:huey:Worker-1:mlflow.server.jobs.utils.online_scoring_scheduler: 438d7e18-ac92-4430-81a8-94530d1616f5 executed in 0.004s
