time="2026-01-31T21:26:14+06:00" level=warning msg="No services to build"
 Network docker_fraud_network Creating 
 Network docker_fraud_network Created 
 Container fraud_detection_db Creating 
 Container fraud_detection_db Created 
 Container fraud_detection_pgadmin Creating 
 Container fraud_detection_pgadmin Created 
 Container fraud_detection_db Starting 
 Container fraud_detection_db Started 
 Container fraud_detection_db Waiting 
 Container fraud_detection_db Healthy 
 Container fraud_detection_pgadmin Starting 
 Container fraud_detection_pgadmin Started 
🔌 Connecting to database: postgresql://frauduser:***@127.0.0.1:5433/fraud_detection
2026-01-31 21:26:25,353 INFO sqlalchemy.engine.Engine select pg_catalog.version()
2026-01-31 21:26:25,353 INFO sqlalchemy.engine.Engine [raw sql] {}
2026-01-31 21:26:25,355 INFO sqlalchemy.engine.Engine select current_schema()
2026-01-31 21:26:25,355 INFO sqlalchemy.engine.Engine [raw sql] {}
2026-01-31 21:26:25,356 INFO sqlalchemy.engine.Engine show standard_conforming_strings
2026-01-31 21:26:25,356 INFO sqlalchemy.engine.Engine [raw sql] {}
2026-01-31 21:26:25,357 INFO sqlalchemy.engine.Engine BEGIN (implicit)
2026-01-31 21:26:25,357 INFO sqlalchemy.engine.Engine SELECT version();
2026-01-31 21:26:25,357 INFO sqlalchemy.engine.Engine [generated in 0.00009s] {}
2026-01-31 21:26:25,358 INFO sqlalchemy.engine.Engine SELECT COUNT(*) FROM connection_test;
2026-01-31 21:26:25,358 INFO sqlalchemy.engine.Engine [generated in 0.00006s] {}
✅ Database connected successfully!
📊 PostgreSQL version: PostgreSQL 16.11 on aarch64-unknown-linux-musl, co...
🧪 Test records found: 1
2026-01-31 21:26:25,359 INFO sqlalchemy.engine.Engine ROLLBACK
 Network docker_fraud_network Creating 
 Network docker_fraud_network Created 
 Container fraud_detection_db Creating 
 Container fraud_detection_db Created 
 Container fraud_detection_pgadmin Creating 
 Container fraud_detection_pgadmin Created 
 Container fraud_detection_db Starting 
 Container fraud_detection_db Started 
 Container fraud_detection_db Waiting 
 Container fraud_detection_db Healthy 
 Container fraud_detection_pgadmin Starting 
 Container fraud_detection_pgadmin Started 
🔌 Connecting to database: postgresql://frauduser:***@127.0.0.1:5433/fraud_detection
2026-02-04 19:42:14,274 INFO sqlalchemy.engine.Engine select pg_catalog.version()
2026-02-04 19:42:14,274 INFO sqlalchemy.engine.Engine [raw sql] {}
2026-02-04 19:42:14,275 INFO sqlalchemy.engine.Engine select current_schema()
2026-02-04 19:42:14,275 INFO sqlalchemy.engine.Engine [raw sql] {}
2026-02-04 19:42:14,276 INFO sqlalchemy.engine.Engine show standard_conforming_strings
2026-02-04 19:42:14,276 INFO sqlalchemy.engine.Engine [raw sql] {}
2026-02-04 19:42:14,276 INFO sqlalchemy.engine.Engine BEGIN (implicit)
2026-02-04 19:42:14,277 INFO sqlalchemy.engine.Engine SELECT version();
2026-02-04 19:42:14,277 INFO sqlalchemy.engine.Engine [generated in 0.00006s] {}
2026-02-04 19:42:14,277 INFO sqlalchemy.engine.Engine SELECT COUNT(*) FROM connection_test;
2026-02-04 19:42:14,277 INFO sqlalchemy.engine.Engine [generated in 0.00003s] {}
✅ Database connected successfully!
📊 PostgreSQL version: PostgreSQL 16.11 on aarch64-unknown-linux-musl, co...
🧪 Test records found: 1
2026-02-04 19:42:14,279 INFO sqlalchemy.engine.Engine ROLLBACK
